-------------------------------------------------------------------------------
Test set: dev.snowdrop.example.ExampleApplicationTest
-------------------------------------------------------------------------------
Tests run: 2, Failures: 2, Errors: 0, Skipped: 0, Time elapsed: 3.386 s <<< FAILURE! - in dev.snowdrop.example.ExampleApplicationTest
testGreetingEndpointWithNameParameter  Time elapsed: 0.989 s  <<< FAILURE!
java.lang.AssertionError: 
1 expectation failed.
Expected status code <200> but was <500>.

	at dev.snowdrop.example.ExampleApplicationTest.testGreetingEndpointWithNameParameter(ExampleApplicationTest.java:58)

testGreetingEndpoint  Time elapsed: 0.024 s  <<< FAILURE!
java.lang.AssertionError: 
1 expectation failed.
Expected status code <200> but was <500>.

	at dev.snowdrop.example.ExampleApplicationTest.testGreetingEndpoint(ExampleApplicationTest.java:47)

